<?xml version="1.0" encoding="UTF-8"?>
<testng-results ignored="0" total="1" passed="1" failed="0" skipped="0">
  <reporter-output>
  </reporter-output>
  <suite started-at="2023-02-13T21:22:19 GST" name="Default suite" finished-at="2023-02-13T21:22:26 GST" duration-ms="7380">
    <groups>
    </groups>
    <test started-at="2023-02-13T21:22:19 GST" name="Default test" finished-at="2023-02-13T21:22:26 GST" duration-ms="7380">
      <class name="saucedemo.testcases.LoginSaucedemo">
        <test-method is-config="true" signature="setUp()[pri:0, instance:saucedemo.testcases.LoginSaucedemo@550dbc7a]" started-at="2023-02-13T21:22:17 GST" name="setUp" finished-at="2023-02-13T21:22:19 GST" duration-ms="1510" status="PASS">
          <reporter-output>
          </reporter-output>
        </test-method> <!-- setUp -->
        <test-method is-config="true" signature="setup()[pri:0, instance:saucedemo.testcases.LoginSaucedemo@550dbc7a]" started-at="2023-02-13T21:22:19 GST" name="setup" finished-at="2023-02-13T21:22:25 GST" duration-ms="6480" status="PASS">
          <reporter-output>
          </reporter-output>
        </test-method> <!-- setup -->
        <test-method signature="login()[pri:0, instance:saucedemo.testcases.LoginSaucedemo@550dbc7a]" started-at="2023-02-13T21:22:25 GST" name="login" finished-at="2023-02-13T21:22:26 GST" duration-ms="850" status="PASS">
          <reporter-output>
          </reporter-output>
        </test-method> <!-- login -->
      </class> <!-- saucedemo.testcases.LoginSaucedemo -->
    </test> <!-- Default test -->
  </suite> <!-- Default suite -->
</testng-results>
